Using pre-set license
Built from '2020.3/staging' branch; Version is '2020.3.4f1 (0abb6314276a) revision 703331'; Using compiler version '192528614'; Build Type 'Release'
OS: 'Windows 8.1  (6.3.0) 64bit' Language: 'tr' Physical Memory: 3964 MB
BatchMode: 1, IsHumanControllingUs: 0, StartBugReporterOnCrash: 0, Is64bit: 1, IsPro: 0

 COMMAND LINE ARGUMENTS:
C:\Program Files\Unity\Hub\Editor\2020.3.4f1\Editor\Unity.exe
-adb2
-batchMode
-noUpm
-name
AssetImportWorker0
-projectPath
C:/Users/Yağızcan/Desktop/3D Canyon Game
-logFile
Logs/AssetImportWorker0.log
-srvPort
49630
Successfully changed project path to: C:/Users/Yağızcan/Desktop/3D Canyon Game
C:/Users/Yağızcan/Desktop/3D Canyon Game
Using Asset Import Pipeline V2.
Refreshing native plugins compatible for Editor in 79.79 ms, found 0 plugins.
Preloading 0 native plugins for Editor in 0.00 ms.
Initialize engine version: 2020.3.4f1 (0abb6314276a)
[Subsystems] Discovering subsystems at path C:/Program Files/Unity/Hub/Editor/2020.3.4f1/Editor/Data/Resources/UnitySubsystems
[Subsystems] Discovering subsystems at path C:/Users/Yağızcan/Desktop/3D Canyon Game/Assets
GfxDevice: creating device client; threaded=0
d3d11: QueryInterface(IDXGIFactory5) failed (80004002).
Direct3D:
    Version:  Direct3D 11.0 [level 11.1]
    Renderer: AMD Radeon(TM) R5 Graphics (ID=0x98e4)
    Vendor:   
    VRAM:     1055 MB
    Driver:   27.20.14501.28009
Initialize mono
Mono path[0] = 'C:/Program Files/Unity/Hub/Editor/2020.3.4f1/Editor/Data/Managed'
Mono path[1] = 'C:/Program Files/Unity/Hub/Editor/2020.3.4f1/Editor/Data/MonoBleedingEdge/lib/mono/unityjit'
Mono config path = 'C:/Program Files/Unity/Hub/Editor/2020.3.4f1/Editor/Data/MonoBleedingEdge/etc'
Using monoOptions --debugger-agent=transport=dt_socket,embedding=1,server=y,suspend=n,address=127.0.0.1:56976
Begin MonoManager ReloadAssembly
Registering precompiled unity dll's ...
Register platform support module: C:/Program Files/Unity/Hub/Editor/2020.3.4f1/Editor/Data/PlaybackEngines/WindowsStandaloneSupport/UnityEditor.WindowsStandalone.Extensions.dll
Registered in 0.003606 seconds.
Native extension for WindowsStandalone target not found
Refreshing native plugins compatible for Editor in 101.09 ms, found 0 plugins.
Preloading 0 native plugins for Editor in 0.00 ms.
Mono: successfully reloaded assembly
- Completed reload, in  2.759 seconds
Platform modules already initialized, skipping
Registering precompiled user dll's ...
Registered in 0.001578 seconds.
Begin MonoManager ReloadAssembly
Native extension for WindowsStandalone target not found
Refreshing native plugins compatible for Editor in 0.78 ms, found 0 plugins.
Preloading 0 native plugins for Editor in 0.00 ms.
Mono: successfully reloaded assembly
- Completed reload, in  1.901 seconds
Platform modules already initialized, skipping
========================================================================
Worker process is ready to serve import requests
Launched and connected shader compiler UnityShaderCompiler.exe after 0.04 seconds
Refreshing native plugins compatible for Editor in 1.08 ms, found 0 plugins.
Preloading 0 native plugins for Editor in 0.00 ms.
Unloading 1180 Unused Serialized files (Serialized files now loaded: 0)
System memory in use before: 103.5 MB.
System memory in use after: 103.4 MB.

Unloading 11 unused Assets to reduce memory usage. Loaded Objects now: 1648.
Total: 7.605728 ms (FindLiveObjects: 0.792608 ms CreateObjectMapping: 0.140982 ms MarkObjects: 5.816982 ms  DeleteObjects: 0.851516 ms)

========================================================================
Received Import Request.
  path: Assets/Day-Night Skyboxes/Textures/SkyNight_Back.png
  artifactKey: Guid(e65a7ad9e078ebe46a18ab96337a8d63) Importer(815301076,1909f56bfc062723c751e8b465ee728b)
Start importing Assets/Day-Night Skyboxes/Textures/SkyNight_Back.png using Guid(e65a7ad9e078ebe46a18ab96337a8d63) Importer(815301076,1909f56bfc062723c751e8b465ee728b)  -> (artifact id: 'b314ebd4df1abd07a0c1fd5d236329fd') in 0.742858 seconds
  Import took 0.750444 seconds .

========================================================================
Received Import Request.
  Time since last request: 0.002180 seconds.
  path: Assets/Day-Night Skyboxes/Textures/SkyAfterNoon_Back.png
  artifactKey: Guid(c01c0eb1cbd649e44a59f130b953a379) Importer(815301076,1909f56bfc062723c751e8b465ee728b)
Start importing Assets/Day-Night Skyboxes/Textures/SkyAfterNoon_Back.png using Guid(c01c0eb1cbd649e44a59f130b953a379) Importer(815301076,1909f56bfc062723c751e8b465ee728b)  -> (artifact id: '72e0feaf8467e9af75590c7cbcb6c9b7') in 0.084121 seconds
  Import took 0.090149 seconds .

========================================================================
Received Import Request.
  Time since last request: 0.000078 seconds.
  path: Assets/Day-Night Skyboxes/Textures/SkyAfterNoon_Right.png
  artifactKey: Guid(811d583fb21e7a147a32350476c9b9b5) Importer(815301076,1909f56bfc062723c751e8b465ee728b)
Start importing Assets/Day-Night Skyboxes/Textures/SkyAfterNoon_Right.png using Guid(811d583fb21e7a147a32350476c9b9b5) Importer(815301076,1909f56bfc062723c751e8b465ee728b)  -> (artifact id: '83ddb135a6cbad11328b5a3c3649f53c') in 0.118829 seconds
  Import took 0.125208 seconds .

========================================================================
Received Import Request.
  Time since last request: 0.000755 seconds.
  path: Assets/Day-Night Skyboxes/Textures/SkyBrightMorning_Bottom.png
  artifactKey: Guid(e152b2ea193082342959aac7a05adc7b) Importer(815301076,1909f56bfc062723c751e8b465ee728b)
Start importing Assets/Day-Night Skyboxes/Textures/SkyBrightMorning_Bottom.png using Guid(e152b2ea193082342959aac7a05adc7b) Importer(815301076,1909f56bfc062723c751e8b465ee728b)  -> (artifact id: '292e220ec695bbcdab9648999bf3b63a') in 0.035170 seconds
  Import took 0.040911 seconds .

========================================================================
Received Import Request.
  Time since last request: 0.000430 seconds.
  path: Assets/Day-Night Skyboxes/Textures/SkyMidNight_Back.png
  artifactKey: Guid(1a40cbba43c28844d9d5434d798a3784) Importer(815301076,1909f56bfc062723c751e8b465ee728b)
Start importing Assets/Day-Night Skyboxes/Textures/SkyMidNight_Back.png using Guid(1a40cbba43c28844d9d5434d798a3784) Importer(815301076,1909f56bfc062723c751e8b465ee728b)  -> (artifact id: 'ed31ad0403a197402356d5f21feeb10f') in 0.185648 seconds
  Import took 0.190759 seconds .

========================================================================
Received Import Request.
  Time since last request: 0.000495 seconds.
  path: Assets/Day-Night Skyboxes/Textures/SkyMidNight_Bottom.png
  artifactKey: Guid(b37a0b3bf146f5748a2ae0b5856eba8f) Importer(815301076,1909f56bfc062723c751e8b465ee728b)
Start importing Assets/Day-Night Skyboxes/Textures/SkyMidNight_Bottom.png using Guid(b37a0b3bf146f5748a2ae0b5856eba8f) Importer(815301076,1909f56bfc062723c751e8b465ee728b)  -> (artifact id: '5e8a3ea802e0e8a594b2f5c34270b5c2') in 0.035588 seconds
  Import took 0.041267 seconds .

========================================================================
Received Import Request.
  Time since last request: 0.000490 seconds.
  path: Assets/Day-Night Skyboxes/Textures/SkyCloudy_Left.png
  artifactKey: Guid(bcc8c05874f1a2748a8df9f4a201b172) Importer(815301076,1909f56bfc062723c751e8b465ee728b)
Start importing Assets/Day-Night Skyboxes/Textures/SkyCloudy_Left.png using Guid(bcc8c05874f1a2748a8df9f4a201b172) Importer(815301076,1909f56bfc062723c751e8b465ee728b)  -> (artifact id: '2a650d2b193ca1c597ea5735140b9b4d') in 0.042733 seconds
  Import took 0.051968 seconds .

========================================================================
Received Import Request.
  Time since last request: 0.001712 seconds.
  path: Assets/Day-Night Skyboxes/Textures/SkyMorning_Left.png
  artifactKey: Guid(c6df5489072ca7a4fad87ec2825e86da) Importer(815301076,1909f56bfc062723c751e8b465ee728b)
Start importing Assets/Day-Night Skyboxes/Textures/SkyMorning_Left.png using Guid(c6df5489072ca7a4fad87ec2825e86da) Importer(815301076,1909f56bfc062723c751e8b465ee728b)  -> (artifact id: '302faf2380083eee1e7ccba94ff235cc') in 0.109888 seconds
  Import took 0.126461 seconds .

========================================================================
Received Import Request.
  Time since last request: 0.000648 seconds.
  path: Assets/Day-Night Skyboxes/Textures/SkyMorning_Right.png
  artifactKey: Guid(1614bd25d4ad84f40b412f1663830eb9) Importer(815301076,1909f56bfc062723c751e8b465ee728b)
Start importing Assets/Day-Night Skyboxes/Textures/SkyMorning_Right.png using Guid(1614bd25d4ad84f40b412f1663830eb9) Importer(815301076,1909f56bfc062723c751e8b465ee728b)  -> (artifact id: '73a8a8a927aed913badea424e0145764') in 0.148366 seconds
  Import took 0.153044 seconds .

========================================================================
Received Import Request.
  Time since last request: 0.000552 seconds.
  path: Assets/Day-Night Skyboxes/Textures/SkyAfterNoon_Top.png
  artifactKey: Guid(31b24bb50a20c0047b30ee5fc78848b2) Importer(815301076,1909f56bfc062723c751e8b465ee728b)
Start importing Assets/Day-Night Skyboxes/Textures/SkyAfterNoon_Top.png using Guid(31b24bb50a20c0047b30ee5fc78848b2) Importer(815301076,1909f56bfc062723c751e8b465ee728b)  -> (artifact id: '2c8a600ffe25e914c8ee4900cb667e2d') in 0.031043 seconds
  Import took 0.037688 seconds .

========================================================================
Received Import Request.
  Time since last request: 0.000631 seconds.
  path: Assets/Day-Night Skyboxes/Textures/SkyEarlyDusk_Front.png
  artifactKey: Guid(03d88a9245522804b93d275a99ae6f6a) Importer(815301076,1909f56bfc062723c751e8b465ee728b)
Start importing Assets/Day-Night Skyboxes/Textures/SkyEarlyDusk_Front.png using Guid(03d88a9245522804b93d275a99ae6f6a) Importer(815301076,1909f56bfc062723c751e8b465ee728b)  -> (artifact id: 'f5084dac357864c3cb48ddefebfe3874') in 0.132535 seconds
  Import took 0.161073 seconds .

========================================================================
Received Import Request.
  Time since last request: 0.000495 seconds.
  path: Assets/Day-Night Skyboxes/Textures/SkyBrightMorning_Back.png
  artifactKey: Guid(39c4c18da0d298943ab7d4d6a770a6c4) Importer(815301076,1909f56bfc062723c751e8b465ee728b)
Start importing Assets/Day-Night Skyboxes/Textures/SkyBrightMorning_Back.png using Guid(39c4c18da0d298943ab7d4d6a770a6c4) Importer(815301076,1909f56bfc062723c751e8b465ee728b)  -> (artifact id: 'dad37fde4dfde246e526ceae18b565b0') in 0.041821 seconds
  Import took 0.049925 seconds .

========================================================================
Received Import Request.
  Time since last request: 0.001594 seconds.
  path: Assets/Day-Night Skyboxes/Textures/SkyHole_Back.png
  artifactKey: Guid(33388096eee0690409d74a835a243679) Importer(815301076,1909f56bfc062723c751e8b465ee728b)
Start importing Assets/Day-Night Skyboxes/Textures/SkyHole_Back.png using Guid(33388096eee0690409d74a835a243679) Importer(815301076,1909f56bfc062723c751e8b465ee728b)  -> (artifact id: 'a05afaefc550c7f78869653d9108405f') in 0.060673 seconds
  Import took 0.130252 seconds .

========================================================================
Received Import Request.
  Time since last request: 0.000461 seconds.
  path: Assets/Day-Night Skyboxes/Textures/SkyEarlyDusk_Top.png
  artifactKey: Guid(9d95a22c05b30774fa8556489f0c5561) Importer(815301076,1909f56bfc062723c751e8b465ee728b)
Start importing Assets/Day-Night Skyboxes/Textures/SkyEarlyDusk_Top.png using Guid(9d95a22c05b30774fa8556489f0c5561) Importer(815301076,1909f56bfc062723c751e8b465ee728b)  -> (artifact id: 'b66a6bca4577a5c752950e9a588b4b33') in 0.057038 seconds
  Import took 0.063695 seconds .

========================================================================
Received Import Request.
  Time since last request: 0.003606 seconds.
  path: Assets/Day-Night Skyboxes/Textures/SkyBrightMorning_Front.png
  artifactKey: Guid(57167e32cb5ff7d459d9609721381501) Importer(815301076,1909f56bfc062723c751e8b465ee728b)
Start importing Assets/Day-Night Skyboxes/Textures/SkyBrightMorning_Front.png using Guid(57167e32cb5ff7d459d9609721381501) Importer(815301076,1909f56bfc062723c751e8b465ee728b)  -> (artifact id: 'd8bdde4ec48b4752ff69986fe38db80d') in 0.060210 seconds
  Import took 0.173322 seconds .

========================================================================
Received Import Request.
  Time since last request: 0.000446 seconds.
  path: Assets/Day-Night Skyboxes/Textures/SkyCloudy_Front.png
  artifactKey: Guid(f1dbab6ff4a0d364888f2b32cf7fae59) Importer(815301076,1909f56bfc062723c751e8b465ee728b)
Start importing Assets/Day-Night Skyboxes/Textures/SkyCloudy_Front.png using Guid(f1dbab6ff4a0d364888f2b32cf7fae59) Importer(815301076,1909f56bfc062723c751e8b465ee728b)  -> (artifact id: '0ae4bbd8a78367eb54c34d8aba82de44') in 0.116633 seconds
  Import took 0.123165 seconds .

========================================================================
Received Import Request.
  Time since last request: 0.000482 seconds.
  path: Assets/Day-Night Skyboxes/Textures/SkyCloudy_Bottom.png
  artifactKey: Guid(02a96a4cf316be246a590957eaa06cbc) Importer(815301076,1909f56bfc062723c751e8b465ee728b)
Start importing Assets/Day-Night Skyboxes/Textures/SkyCloudy_Bottom.png using Guid(02a96a4cf316be246a590957eaa06cbc) Importer(815301076,1909f56bfc062723c751e8b465ee728b)  -> (artifact id: '62430bccc946143f8915b71a0d5966ee') in 0.036466 seconds
  Import took 0.045843 seconds .

========================================================================
Received Import Request.
  Time since last request: 0.000688 seconds.
  path: Assets/Day-Night Skyboxes/Textures/SkyMorning_Bottom.png
  artifactKey: Guid(ba8c76432fb29c44695a619aea972dc2) Importer(815301076,1909f56bfc062723c751e8b465ee728b)
Start importing Assets/Day-Night Skyboxes/Textures/SkyMorning_Bottom.png using Guid(ba8c76432fb29c44695a619aea972dc2) Importer(815301076,1909f56bfc062723c751e8b465ee728b)  -> (artifact id: 'c1a12905e928c1be582ef904fd50330f') in 0.090093 seconds
  Import took 0.095681 seconds .

========================================================================
Received Import Request.
  Time since last request: 0.000629 seconds.
  path: Assets/Day-Night Skyboxes/Textures/SkyHole_Left.png
  artifactKey: Guid(290f12ad67dd9334fae83c3cf6670a73) Importer(815301076,1909f56bfc062723c751e8b465ee728b)
Start importing Assets/Day-Night Skyboxes/Textures/SkyHole_Left.png using Guid(290f12ad67dd9334fae83c3cf6670a73) Importer(815301076,1909f56bfc062723c751e8b465ee728b)  -> (artifact id: '8ea7d22452f0662dde7cdb7c6c6e2c40') in 0.045700 seconds
  Import took 0.051295 seconds .

========================================================================
Received Import Request.
  Time since last request: 0.000473 seconds.
  path: Assets/Day-Night Skyboxes/Textures/SkyMorning_Front.png
  artifactKey: Guid(9a0712f313ac35346b72a4a276b28bb2) Importer(815301076,1909f56bfc062723c751e8b465ee728b)
Start importing Assets/Day-Night Skyboxes/Textures/SkyMorning_Front.png using Guid(9a0712f313ac35346b72a4a276b28bb2) Importer(815301076,1909f56bfc062723c751e8b465ee728b)  -> (artifact id: '81b1799d5181cb9c29e24db999ae7c55') in 0.050031 seconds
  Import took 0.137270 seconds .

========================================================================
Received Import Request.
  Time since last request: 0.000897 seconds.
  path: Assets/Day-Night Skyboxes/Textures/SkyEarlyDusk_Left.png
  artifactKey: Guid(8733101b6a14ca740b346255c2d3f21f) Importer(815301076,1909f56bfc062723c751e8b465ee728b)
Start importing Assets/Day-Night Skyboxes/Textures/SkyEarlyDusk_Left.png using Guid(8733101b6a14ca740b346255c2d3f21f) Importer(815301076,1909f56bfc062723c751e8b465ee728b)  -> (artifact id: '0dd2e4361f2de7f1ea4d2dedebb60ae9') in 0.062399 seconds
  Import took 0.067878 seconds .

========================================================================
Received Import Request.
  Time since last request: 0.000833 seconds.
  path: Assets/Day-Night Skyboxes/Textures/SkyMidNight_Left.png
  artifactKey: Guid(b712a49fc11d9fd4dbf18d71b3f53e31) Importer(815301076,1909f56bfc062723c751e8b465ee728b)
Start importing Assets/Day-Night Skyboxes/Textures/SkyMidNight_Left.png using Guid(b712a49fc11d9fd4dbf18d71b3f53e31) Importer(815301076,1909f56bfc062723c751e8b465ee728b)  -> (artifact id: 'bea6a745875868064b839af6bc8213b7') in 0.141693 seconds
  Import took 0.149499 seconds .

========================================================================
Received Import Request.
  Time since last request: 0.000513 seconds.
  path: Assets/Day-Night Skyboxes/Textures/SkyHole_Front.png
  artifactKey: Guid(519bff0f165c6b541a8d626121260e3a) Importer(815301076,1909f56bfc062723c751e8b465ee728b)
Start importing Assets/Day-Night Skyboxes/Textures/SkyHole_Front.png using Guid(519bff0f165c6b541a8d626121260e3a) Importer(815301076,1909f56bfc062723c751e8b465ee728b)  -> (artifact id: '832b0aa50a46657b4dacf4fe64a5a9df') in 0.024690 seconds
  Import took 0.029588 seconds .

========================================================================
Received Import Request.
  Time since last request: 0.000372 seconds.
  path: Assets/Day-Night Skyboxes/Textures/SkyMidNight_Top.png
  artifactKey: Guid(e211c2ca9055575428e0614590e7e651) Importer(815301076,1909f56bfc062723c751e8b465ee728b)
Start importing Assets/Day-Night Skyboxes/Textures/SkyMidNight_Top.png using Guid(e211c2ca9055575428e0614590e7e651) Importer(815301076,1909f56bfc062723c751e8b465ee728b)  -> (artifact id: 'c0b0ce64a5f64d40c9cb4747c07c4d89') in 0.043436 seconds
  Import took 0.050878 seconds .

========================================================================
Received Import Request.
  Time since last request: 0.000793 seconds.
  path: Assets/Day-Night Skyboxes/Textures/SkyAfterNoon_Front.png
  artifactKey: Guid(801a87c5db92ace45a6a9346777f1f5f) Importer(815301076,1909f56bfc062723c751e8b465ee728b)
Start importing Assets/Day-Night Skyboxes/Textures/SkyAfterNoon_Front.png using Guid(801a87c5db92ace45a6a9346777f1f5f) Importer(815301076,1909f56bfc062723c751e8b465ee728b)  -> (artifact id: 'd0642dad54f62b950e3db6ff0fbcf568') in 0.092909 seconds
  Import took 0.171244 seconds .

========================================================================
Received Import Request.
  Time since last request: 0.003322 seconds.
  path: Assets/Day-Night Skyboxes/Textures/SkyBrightMorning_Right.png
  artifactKey: Guid(62f6306d636d810479805f34fa875e27) Importer(815301076,1909f56bfc062723c751e8b465ee728b)
Start importing Assets/Day-Night Skyboxes/Textures/SkyBrightMorning_Right.png using Guid(62f6306d636d810479805f34fa875e27) Importer(815301076,1909f56bfc062723c751e8b465ee728b)  -> (artifact id: '98e1fcaa85e22855819f278157217d88') in 0.036153 seconds
  Import took 0.119541 seconds .

========================================================================
Received Import Request.
  Time since last request: 0.001861 seconds.
  path: Assets/Day-Night Skyboxes/Textures/SkyBrightMorning_Top.png
  artifactKey: Guid(6942c5222258a7d4ca5f071156794a1f) Importer(815301076,1909f56bfc062723c751e8b465ee728b)
Start importing Assets/Day-Night Skyboxes/Textures/SkyBrightMorning_Top.png using Guid(6942c5222258a7d4ca5f071156794a1f) Importer(815301076,1909f56bfc062723c751e8b465ee728b)  -> (artifact id: 'c1e2108d65f4a3e38aacd39969902048') in 0.126935 seconds
  Import took 0.136388 seconds .

========================================================================
Received Import Request.
  Time since last request: 0.000668 seconds.
  path: Assets/Day-Night Skyboxes/Textures/SkyCloudy_Back.png
  artifactKey: Guid(fc3b33a42f371924590f4be9850f78ae) Importer(815301076,1909f56bfc062723c751e8b465ee728b)
Start importing Assets/Day-Night Skyboxes/Textures/SkyCloudy_Back.png using Guid(fc3b33a42f371924590f4be9850f78ae) Importer(815301076,1909f56bfc062723c751e8b465ee728b)  -> (artifact id: 'ccd70eccb377b9914e71754c82c8b534') in 0.085338 seconds
  Import took 0.092530 seconds .

========================================================================
Received Import Request.
  Time since last request: 0.000634 seconds.
  path: Assets/Day-Night Skyboxes/Textures/SkyAfterNoon_Bottom.png
  artifactKey: Guid(b6ef619cfefbc3a48bfe3a846f9adb9a) Importer(815301076,1909f56bfc062723c751e8b465ee728b)
Start importing Assets/Day-Night Skyboxes/Textures/SkyAfterNoon_Bottom.png using Guid(b6ef619cfefbc3a48bfe3a846f9adb9a) Importer(815301076,1909f56bfc062723c751e8b465ee728b)  -> (artifact id: '680d4dde6c1643a4edbff176b0f6f94f') in 0.043872 seconds
  Import took 0.049593 seconds .

========================================================================
Received Import Request.
  Time since last request: 0.000529 seconds.
  path: Assets/Day-Night Skyboxes/Textures/SkyMidNight_Front.png
  artifactKey: Guid(f29a90fb9c5a19045b7f1897b30c5777) Importer(815301076,1909f56bfc062723c751e8b465ee728b)
Start importing Assets/Day-Night Skyboxes/Textures/SkyMidNight_Front.png using Guid(f29a90fb9c5a19045b7f1897b30c5777) Importer(815301076,1909f56bfc062723c751e8b465ee728b)  -> (artifact id: '6e4e27b7bfcb31e27cd87ffb3778d542') in 0.042954 seconds
  Import took 0.050498 seconds .

========================================================================
Received Import Request.
  Time since last request: 0.000519 seconds.
  path: Assets/Day-Night Skyboxes/Textures/SkyCloudy_Top.png
  artifactKey: Guid(e71cba7ef433f8c418d4dcde1e79fb98) Importer(815301076,1909f56bfc062723c751e8b465ee728b)
Start importing Assets/Day-Night Skyboxes/Textures/SkyCloudy_Top.png using Guid(e71cba7ef433f8c418d4dcde1e79fb98) Importer(815301076,1909f56bfc062723c751e8b465ee728b)  -> (artifact id: '81905175eb7d18e789176afb5af1516c') in 0.107380 seconds
  Import took 0.114836 seconds .

========================================================================
Received Import Request.
  Time since last request: 0.000416 seconds.
  path: Assets/Day-Night Skyboxes/Textures/SkyEarlyDusk_Back.png
  artifactKey: Guid(675b7eb08655ed44d87fc86d2d5cb154) Importer(815301076,1909f56bfc062723c751e8b465ee728b)
Start importing Assets/Day-Night Skyboxes/Textures/SkyEarlyDusk_Back.png using Guid(675b7eb08655ed44d87fc86d2d5cb154) Importer(815301076,1909f56bfc062723c751e8b465ee728b)  -> (artifact id: 'ae29da159f9caf8958601e73b1eedb48') in 0.023210 seconds
  Import took 0.027697 seconds .

========================================================================
Received Import Request.
  Time since last request: 0.000351 seconds.
  path: Assets/Day-Night Skyboxes/Textures/SkyHole_Bottom.png
  artifactKey: Guid(209d171ae2172044ba0c2520127c8120) Importer(815301076,1909f56bfc062723c751e8b465ee728b)
Start importing Assets/Day-Night Skyboxes/Textures/SkyHole_Bottom.png using Guid(209d171ae2172044ba0c2520127c8120) Importer(815301076,1909f56bfc062723c751e8b465ee728b)  -> (artifact id: 'e5173407641ec4144330f412c29d5d71') in 0.040957 seconds
  Import took 0.107811 seconds .

========================================================================
Received Import Request.
  Time since last request: 0.000727 seconds.
  path: Assets/Day-Night Skyboxes/Textures/SkyEarlyDusk_Bottom.png
  artifactKey: Guid(3b39cd44ada2c7e4582ffc0d367906f6) Importer(815301076,1909f56bfc062723c751e8b465ee728b)
Start importing Assets/Day-Night Skyboxes/Textures/SkyEarlyDusk_Bottom.png using Guid(3b39cd44ada2c7e4582ffc0d367906f6) Importer(815301076,1909f56bfc062723c751e8b465ee728b)  -> (artifact id: '8192e0b9367ae8b0b6993b2257300d60') in 0.057753 seconds
  Import took 0.065927 seconds .

========================================================================
Received Import Request.
  Time since last request: 0.000601 seconds.
  path: Assets/Day-Night Skyboxes/Textures/SkyHole_Right.png
  artifactKey: Guid(34fb02e33563a2e46a8dc30b1db95a63) Importer(815301076,1909f56bfc062723c751e8b465ee728b)
Start importing Assets/Day-Night Skyboxes/Textures/SkyHole_Right.png using Guid(34fb02e33563a2e46a8dc30b1db95a63) Importer(815301076,1909f56bfc062723c751e8b465ee728b)  -> (artifact id: 'e32cb3b9b279a2748ed83b2e80efd8c9') in 0.045129 seconds
  Import took 0.052278 seconds .

========================================================================
Received Import Request.
  Time since last request: 0.000769 seconds.
  path: Assets/Day-Night Skyboxes/Textures/SkyHole_Top.png
  artifactKey: Guid(962d039a3950b124099ac6d3aedff947) Importer(815301076,1909f56bfc062723c751e8b465ee728b)
Start importing Assets/Day-Night Skyboxes/Textures/SkyHole_Top.png using Guid(962d039a3950b124099ac6d3aedff947) Importer(815301076,1909f56bfc062723c751e8b465ee728b)  -> (artifact id: 'b5d59755665bcbae92cb26bf8ab762ea') in 0.112216 seconds
  Import took 0.124578 seconds .

========================================================================
Received Import Request.
  Time since last request: 0.000387 seconds.
  path: Assets/Day-Night Skyboxes/Textures/SkyMorning_Back.png
  artifactKey: Guid(fcc2b2ac825c29e40a96b9fe97d58996) Importer(815301076,1909f56bfc062723c751e8b465ee728b)
Start importing Assets/Day-Night Skyboxes/Textures/SkyMorning_Back.png using Guid(fcc2b2ac825c29e40a96b9fe97d58996) Importer(815301076,1909f56bfc062723c751e8b465ee728b)  -> (artifact id: 'e7507134f8f664f1ff4e0de5271a4a7f') in 0.029777 seconds
  Import took 0.047979 seconds .

========================================================================
Received Import Request.
  Time since last request: 0.000860 seconds.
  path: Assets/Day-Night Skyboxes/Textures/SkyAfterNoon_Left.png
  artifactKey: Guid(969ef861056a05940ba9123d15486191) Importer(815301076,1909f56bfc062723c751e8b465ee728b)
Start importing Assets/Day-Night Skyboxes/Textures/SkyAfterNoon_Left.png using Guid(969ef861056a05940ba9123d15486191) Importer(815301076,1909f56bfc062723c751e8b465ee728b)  -> (artifact id: '0efe55f6442f4310d0147c9a9df3fbc3') in 0.117014 seconds
  Import took 0.123409 seconds .

========================================================================
Received Import Request.
  Time since last request: 0.000451 seconds.
  path: Assets/Day-Night Skyboxes/Textures/SkyMidNight_Right.png
  artifactKey: Guid(8ccea35bb4bd8a9479b160117e0761f3) Importer(815301076,1909f56bfc062723c751e8b465ee728b)
Start importing Assets/Day-Night Skyboxes/Textures/SkyMidNight_Right.png using Guid(8ccea35bb4bd8a9479b160117e0761f3) Importer(815301076,1909f56bfc062723c751e8b465ee728b)  -> (artifact id: 'd4c611f308c5a22d7e19103d77ef689d') in 0.042053 seconds
  Import took 0.048066 seconds .

========================================================================
Received Import Request.
  Time since last request: 0.000792 seconds.
  path: Assets/Day-Night Skyboxes/Textures/SkyBrightMorning_Left.png
  artifactKey: Guid(7c7a8084134bd4a4bb75893e64cdd050) Importer(815301076,1909f56bfc062723c751e8b465ee728b)
Start importing Assets/Day-Night Skyboxes/Textures/SkyBrightMorning_Left.png using Guid(7c7a8084134bd4a4bb75893e64cdd050) Importer(815301076,1909f56bfc062723c751e8b465ee728b)  -> (artifact id: '31b417d4f5b5e9aa168aef7f26c908de') in 0.111543 seconds
  Import took 0.119799 seconds .

========================================================================
Received Import Request.
  Time since last request: 0.000625 seconds.
  path: Assets/Day-Night Skyboxes/Textures/SkyNight_Bottom.png
  artifactKey: Guid(6b08df31452aace4481829fe706777c7) Importer(815301076,1909f56bfc062723c751e8b465ee728b)
Start importing Assets/Day-Night Skyboxes/Textures/SkyNight_Bottom.png using Guid(6b08df31452aace4481829fe706777c7) Importer(815301076,1909f56bfc062723c751e8b465ee728b)  -> (artifact id: '341bca0d4cd766b2d75cad1e9f6aefc8') in 0.054970 seconds
  Import took 0.120961 seconds .

========================================================================
Received Import Request.
  Time since last request: 0.000800 seconds.
  path: Assets/Day-Night Skyboxes/Textures/SkyEarlyDusk_Right.png
  artifactKey: Guid(a8bbea5efbf70dc45a0dd6325430062f) Importer(815301076,1909f56bfc062723c751e8b465ee728b)
Start importing Assets/Day-Night Skyboxes/Textures/SkyEarlyDusk_Right.png using Guid(a8bbea5efbf70dc45a0dd6325430062f) Importer(815301076,1909f56bfc062723c751e8b465ee728b)  -> (artifact id: '64eedef806a134b102cf43805285fd57') in 0.043579 seconds
  Import took 0.049251 seconds .

========================================================================
Received Import Request.
  Time since last request: 0.000841 seconds.
  path: Assets/Day-Night Skyboxes/Textures/SkyMorning_Top.png
  artifactKey: Guid(9ad0e713be508944f996dfc70214fdb4) Importer(815301076,1909f56bfc062723c751e8b465ee728b)
Start importing Assets/Day-Night Skyboxes/Textures/SkyMorning_Top.png using Guid(9ad0e713be508944f996dfc70214fdb4) Importer(815301076,1909f56bfc062723c751e8b465ee728b)  -> (artifact id: 'b0916c12982e3e03f891b0b392cadeb1') in 0.033868 seconds
  Import took 0.059043 seconds .

========================================================================
Received Import Request.
  Time since last request: 0.000836 seconds.
  path: Assets/Day-Night Skyboxes/Textures/SkyCloudy_Right.png
  artifactKey: Guid(d5618a43493f3e144a6ad0c0d17d335e) Importer(815301076,1909f56bfc062723c751e8b465ee728b)
Start importing Assets/Day-Night Skyboxes/Textures/SkyCloudy_Right.png using Guid(d5618a43493f3e144a6ad0c0d17d335e) Importer(815301076,1909f56bfc062723c751e8b465ee728b)  -> (artifact id: 'a371a0bc620c40920ad9a022bac20990') in 0.113915 seconds
  Import took 0.123235 seconds .

========================================================================
Received Import Request.
  Time since last request: 0.000100 seconds.
  path: Assets/Day-Night Skyboxes/Textures
  artifactKey: Guid(7a38de104eeed004abe09deb895af597) Importer(815301076,1909f56bfc062723c751e8b465ee728b)
Start importing Assets/Day-Night Skyboxes/Textures using Guid(7a38de104eeed004abe09deb895af597) Importer(815301076,1909f56bfc062723c751e8b465ee728b)  -> (artifact id: 'abd68b1d1718168e91e7b6bc941a380e') in 0.005979 seconds
  Import took 0.012436 seconds .

========================================================================
Received Import Request.
  Time since last request: 16.283629 seconds.
  path: Assets/Day-Night Skyboxes/Textures/SkyNight_Front.png
  artifactKey: Guid(6b14f3b4e0f9b0f48977fd2d27e03dfa) Importer(815301076,1909f56bfc062723c751e8b465ee728b)
Start importing Assets/Day-Night Skyboxes/Textures/SkyNight_Front.png using Guid(6b14f3b4e0f9b0f48977fd2d27e03dfa) Importer(815301076,1909f56bfc062723c751e8b465ee728b)  -> (artifact id: '73520044df70f741b4dcf814d0f3c339') in 0.037556 seconds
  Import took 0.043840 seconds .

========================================================================
Received Import Request.
  Time since last request: 0.000494 seconds.
  path: Assets/Day-Night Skyboxes/Textures/SkyNight_Left.png
  artifactKey: Guid(1b28b1ed2ef4f114394b2dde7b05f3fe) Importer(815301076,1909f56bfc062723c751e8b465ee728b)
Start importing Assets/Day-Night Skyboxes/Textures/SkyNight_Left.png using Guid(1b28b1ed2ef4f114394b2dde7b05f3fe) Importer(815301076,1909f56bfc062723c751e8b465ee728b)  -> (artifact id: '1f9323160acba09ec772e821f00d3fb0') in 0.158794 seconds
  Import took 0.165568 seconds .

========================================================================
Received Import Request.
  Time since last request: 0.000453 seconds.
  path: Assets/Day-Night Skyboxes/Textures/SkyNoon_Left.png
  artifactKey: Guid(1ded1ac4a932ce548b131efe140dee3d) Importer(815301076,1909f56bfc062723c751e8b465ee728b)
Start importing Assets/Day-Night Skyboxes/Textures/SkyNoon_Left.png using Guid(1ded1ac4a932ce548b131efe140dee3d) Importer(815301076,1909f56bfc062723c751e8b465ee728b)  -> (artifact id: '3fddc9ef8004768e109125529d59ead8') in 0.029252 seconds
  Import took 0.034043 seconds .

========================================================================
Received Import Request.
  Time since last request: 0.000518 seconds.
  path: Assets/Day-Night Skyboxes/Textures/SkySunSet_Back.png
  artifactKey: Guid(0933480a6df8a864ab3318a638153624) Importer(815301076,1909f56bfc062723c751e8b465ee728b)
Start importing Assets/Day-Night Skyboxes/Textures/SkySunSet_Back.png using Guid(0933480a6df8a864ab3318a638153624) Importer(815301076,1909f56bfc062723c751e8b465ee728b)  -> (artifact id: '357c56e6f2a42c4fe3a92c11572c84e3') in 0.042294 seconds
  Import took 0.055460 seconds .

========================================================================
Received Import Request.
  Time since last request: 0.003117 seconds.
  path: Assets/Day-Night Skyboxes/Textures/SkySunSet_Top.png
  artifactKey: Guid(2d392eade9cbd2546bb57e72a95e6df6) Importer(815301076,1909f56bfc062723c751e8b465ee728b)
Start importing Assets/Day-Night Skyboxes/Textures/SkySunSet_Top.png using Guid(2d392eade9cbd2546bb57e72a95e6df6) Importer(815301076,1909f56bfc062723c751e8b465ee728b)  -> (artifact id: '2894cd22efab07423e47f141d4fa68c8') in 0.119912 seconds
  Import took 0.134731 seconds .

========================================================================
Received Import Request.
  Time since last request: 0.000428 seconds.
  path: Assets/Day-Night Skyboxes/Textures/SkyNight_Left.png
  artifactKey: Guid(1b28b1ed2ef4f114394b2dde7b05f3fe) Importer(815301076,1909f56bfc062723c751e8b465ee728b)
Start importing Assets/Day-Night Skyboxes/Textures/SkyNight_Left.png using Guid(1b28b1ed2ef4f114394b2dde7b05f3fe) Importer(815301076,1909f56bfc062723c751e8b465ee728b)  -> (artifact id: '1f9323160acba09ec772e821f00d3fb0') in 0.144441 seconds
  Import took 0.150114 seconds .

========================================================================
Received Import Request.
  Time since last request: 0.000523 seconds.
  path: Assets/Day-Night Skyboxes/Textures/SkySunSet_Right.png
  artifactKey: Guid(ceb208991d952ac4cb2bb411dd82a5be) Importer(815301076,1909f56bfc062723c751e8b465ee728b)
Start importing Assets/Day-Night Skyboxes/Textures/SkySunSet_Right.png using Guid(ceb208991d952ac4cb2bb411dd82a5be) Importer(815301076,1909f56bfc062723c751e8b465ee728b)  -> (artifact id: '9536b31617d49917d96abf135a76b15d') in 0.037897 seconds
  Import took 0.043798 seconds .

========================================================================
Received Import Request.
  Time since last request: 0.000605 seconds.
  path: Assets/Day-Night Skyboxes/Textures/SkySunSet_Front.png
  artifactKey: Guid(33db3c0239cfad94780b85a1ad3f4e36) Importer(815301076,1909f56bfc062723c751e8b465ee728b)
Start importing Assets/Day-Night Skyboxes/Textures/SkySunSet_Front.png using Guid(33db3c0239cfad94780b85a1ad3f4e36) Importer(815301076,1909f56bfc062723c751e8b465ee728b)  -> (artifact id: '382fd1874e573fb90f59029d632e92ab') in 0.047859 seconds
  Import took 0.055737 seconds .

========================================================================
Received Import Request.
  Time since last request: 0.000548 seconds.
  path: Assets/Day-Night Skyboxes/Textures/SkyNoon_Right.png
  artifactKey: Guid(4f6bec75bfe65ad49a0826debe902b30) Importer(815301076,1909f56bfc062723c751e8b465ee728b)
Start importing Assets/Day-Night Skyboxes/Textures/SkyNoon_Right.png using Guid(4f6bec75bfe65ad49a0826debe902b30) Importer(815301076,1909f56bfc062723c751e8b465ee728b)  -> (artifact id: '1c87af47ede676da94a1411e53f1c53a') in 0.110545 seconds
  Import took 0.132815 seconds .

========================================================================
Received Import Request.
  Time since last request: 0.000372 seconds.
  path: Assets/Day-Night Skyboxes/Textures/SkyNight_Top.png
  artifactKey: Guid(c7b66e97c44826544a44bd8d9857c7ec) Importer(815301076,1909f56bfc062723c751e8b465ee728b)
Start importing Assets/Day-Night Skyboxes/Textures/SkyNight_Top.png using Guid(c7b66e97c44826544a44bd8d9857c7ec) Importer(815301076,1909f56bfc062723c751e8b465ee728b)  -> (artifact id: 'c92dfb15a5f567559c1b4706ba9221ae') in 0.124611 seconds
  Import took 0.153852 seconds .

========================================================================
Received Import Request.
  Time since last request: 0.000393 seconds.
  path: Assets/Day-Night Skyboxes/Textures/SkyNoon_Front.png
  artifactKey: Guid(db891bbb0f035a340a64f1550499d24b) Importer(815301076,1909f56bfc062723c751e8b465ee728b)
Start importing Assets/Day-Night Skyboxes/Textures/SkyNoon_Front.png using Guid(db891bbb0f035a340a64f1550499d24b) Importer(815301076,1909f56bfc062723c751e8b465ee728b)  -> (artifact id: '44758a66cf0ba1f75fe0b9626a4aa35d') in 0.114653 seconds
  Import took 0.120010 seconds .

========================================================================
Received Import Request.
  Time since last request: 0.000601 seconds.
  path: Assets/Day-Night Skyboxes/Textures/SkyNoon_Bottom.png
  artifactKey: Guid(ca936d5ad9282044293249963704b9ce) Importer(815301076,1909f56bfc062723c751e8b465ee728b)
Start importing Assets/Day-Night Skyboxes/Textures/SkyNoon_Bottom.png using Guid(ca936d5ad9282044293249963704b9ce) Importer(815301076,1909f56bfc062723c751e8b465ee728b)  -> (artifact id: 'b2e2ddcbfc5d42d345d31713e29a14a9') in 0.040998 seconds
  Import took 0.048060 seconds .

========================================================================
Received Import Request.
  Time since last request: 0.000526 seconds.
  path: Assets/Day-Night Skyboxes/Textures/SkySunSet_Bottom.png
  artifactKey: Guid(d34a7e42f26d51041ade65d0b0e898bf) Importer(815301076,1909f56bfc062723c751e8b465ee728b)
Start importing Assets/Day-Night Skyboxes/Textures/SkySunSet_Bottom.png using Guid(d34a7e42f26d51041ade65d0b0e898bf) Importer(815301076,1909f56bfc062723c751e8b465ee728b)  -> (artifact id: '372e477ef4a2a1976c3d0fcf614bae7e') in 0.131180 seconds
  Import took 0.136824 seconds .

========================================================================
Received Import Request.
  Time since last request: 0.001050 seconds.
  path: Assets/Day-Night Skyboxes/Textures/SkyNoon_Back.png
  artifactKey: Guid(988a47c87043b1f4597329d87c8c5f9e) Importer(815301076,1909f56bfc062723c751e8b465ee728b)
Start importing Assets/Day-Night Skyboxes/Textures/SkyNoon_Back.png using Guid(988a47c87043b1f4597329d87c8c5f9e) Importer(815301076,1909f56bfc062723c751e8b465ee728b)  -> (artifact id: 'f388ad517e41168e65dd77e449786ed8') in 0.142616 seconds
  Import took 0.148359 seconds .

========================================================================
Received Import Request.
  Time since last request: 0.000623 seconds.
  path: Assets/Day-Night Skyboxes/Textures/SkyNoon_Top.png
  artifactKey: Guid(d8abefee4b4a16546abf8b0a732a7e40) Importer(815301076,1909f56bfc062723c751e8b465ee728b)
Start importing Assets/Day-Night Skyboxes/Textures/SkyNoon_Top.png using Guid(d8abefee4b4a16546abf8b0a732a7e40) Importer(815301076,1909f56bfc062723c751e8b465ee728b)  -> (artifact id: '953adc969c8f24a1b0f8146627338156') in 0.028009 seconds
  Import took 0.034059 seconds .

========================================================================
Received Import Request.
  Time since last request: 0.000379 seconds.
  path: Assets/Day-Night Skyboxes/Textures/SkyNight_Right.png
  artifactKey: Guid(c089d8f141d8cf8418c285d4cee57341) Importer(815301076,1909f56bfc062723c751e8b465ee728b)
Start importing Assets/Day-Night Skyboxes/Textures/SkyNight_Right.png using Guid(c089d8f141d8cf8418c285d4cee57341) Importer(815301076,1909f56bfc062723c751e8b465ee728b)  -> (artifact id: '9588bb2f49a9a340c67843e08a8938d3') in 0.055443 seconds
  Import took 0.062405 seconds .

========================================================================
Received Import Request.
  Time since last request: 0.004270 seconds.
  path: Assets/Day-Night Skyboxes/Textures/SkySunSet_Left.png
  artifactKey: Guid(bfe69a7b1dad37946850215be95a6d79) Importer(815301076,1909f56bfc062723c751e8b465ee728b)
Start importing Assets/Day-Night Skyboxes/Textures/SkySunSet_Left.png using Guid(bfe69a7b1dad37946850215be95a6d79) Importer(815301076,1909f56bfc062723c751e8b465ee728b)  -> (artifact id: '76870c7ec773fae85fdc88ccf64ead78') in 0.105129 seconds
  Import took 0.117276 seconds .

========================================================================
Received Import Request.
  Time since last request: 55.692139 seconds.
  path: Assets/Skybox
  artifactKey: Guid(75d02b195a96b5a478c0a1e7cf5d061a) Importer(815301076,1909f56bfc062723c751e8b465ee728b)
Start importing Assets/Skybox using Guid(75d02b195a96b5a478c0a1e7cf5d061a) Importer(815301076,1909f56bfc062723c751e8b465ee728b)  -> (artifact id: '148f89ce8de4f51a7d9da82af8a4244d') in 0.041447 seconds
  Import took 0.114970 seconds .

========================================================================
Received Import Request.
  Time since last request: 7.157628 seconds.
  path: Assets/Prefabs
  artifactKey: Guid(33bb2828d739d304286b87e3af65ff08) Importer(815301076,1909f56bfc062723c751e8b465ee728b)
Start importing Assets/Prefabs using Guid(33bb2828d739d304286b87e3af65ff08) Importer(815301076,1909f56bfc062723c751e8b465ee728b)  -> (artifact id: 'cfc725874131b0a3098f5161c1217a7f') in 0.022420 seconds
  Import took 0.082562 seconds .

========================================================================
Received Import Request.
  Time since last request: 19.357107 seconds.
  path: Assets/Prefabs/Oyuncu.prefab
  artifactKey: Guid(7e1a65ce9b7f1fc4bab0d5b0fc3479e7) Importer(815301076,1909f56bfc062723c751e8b465ee728b)
Start importing Assets/Prefabs/Oyuncu.prefab using Guid(7e1a65ce9b7f1fc4bab0d5b0fc3479e7) Importer(815301076,1909f56bfc062723c751e8b465ee728b)  -> (artifact id: 'dc8e56538ae5ce7c4cb1fe8c916f36d6') in 0.425961 seconds
  Import took 0.434210 seconds .

========================================================================
Received Import Request.
  Time since last request: 11.822738 seconds.
  path: Assets/Prefabs/Player.prefab
  artifactKey: Guid(c51948f944a33974e83d7a8f8cca898d) Importer(815301076,1909f56bfc062723c751e8b465ee728b)
Start importing Assets/Prefabs/Player.prefab using Guid(c51948f944a33974e83d7a8f8cca898d) Importer(815301076,1909f56bfc062723c751e8b465ee728b)  -> (artifact id: '4fd3ef7363700a0004167cdc97ae6512') in 0.251641 seconds
  Import took 0.262100 seconds .

========================================================================
Received Import Request.
  Time since last request: 14.762553 seconds.
  path: Assets/Prefabs/AI Car.prefab
  artifactKey: Guid(de772e331fd3f5d4584c0f7c1f77c30f) Importer(815301076,1909f56bfc062723c751e8b465ee728b)
Start importing Assets/Prefabs/AI Car.prefab using Guid(de772e331fd3f5d4584c0f7c1f77c30f) Importer(815301076,1909f56bfc062723c751e8b465ee728b)  -> (artifact id: '31bd13020f02060a0ec35bf3e07629f2') in 0.242332 seconds
  Import took 0.250404 seconds .

========================================================================
Received Import Request.
  Time since last request: 60.360225 seconds.
  path: Assets/Prefabs/AI Car 2.prefab
  artifactKey: Guid(d88ddc1be28c37d49a0c6264fc2a9004) Importer(815301076,1909f56bfc062723c751e8b465ee728b)
Start importing Assets/Prefabs/AI Car 2.prefab using Guid(d88ddc1be28c37d49a0c6264fc2a9004) Importer(815301076,1909f56bfc062723c751e8b465ee728b)  -> (artifact id: '3a9eb1f22111fb0b5293f2c359a1c90d') in 0.155305 seconds
  Import took 0.162969 seconds .

========================================================================
Received Import Request.
  Time since last request: 0.051598 seconds.
  path: Assets/Prefabs/AI Car 2.prefab
  artifactKey: Guid(d88ddc1be28c37d49a0c6264fc2a9004) Importer(815301076,1909f56bfc062723c751e8b465ee728b)
Start importing Assets/Prefabs/AI Car 2.prefab using Guid(d88ddc1be28c37d49a0c6264fc2a9004) Importer(815301076,1909f56bfc062723c751e8b465ee728b)  -> (artifact id: '3a9eb1f22111fb0b5293f2c359a1c90d') in 0.170058 seconds
  Import took 0.178867 seconds .

========================================================================
Received Import Request.
  Time since last request: 5.602399 seconds.
  path: Assets/Prefabs/AI Car 3.prefab
  artifactKey: Guid(aca26d002fb27e44386a22834000cca0) Importer(815301076,1909f56bfc062723c751e8b465ee728b)
Start importing Assets/Prefabs/AI Car 3.prefab using Guid(aca26d002fb27e44386a22834000cca0) Importer(815301076,1909f56bfc062723c751e8b465ee728b)  -> (artifact id: 'a9bb87ee81aa47e833c6ab03b45cac2a') in 0.261435 seconds
  Import took 0.274508 seconds .

========================================================================
Received Import Request.
  Time since last request: 0.015277 seconds.
  path: Assets/Prefabs/AI Car 3.prefab
  artifactKey: Guid(aca26d002fb27e44386a22834000cca0) Importer(815301076,1909f56bfc062723c751e8b465ee728b)
Start importing Assets/Prefabs/AI Car 3.prefab using Guid(aca26d002fb27e44386a22834000cca0) Importer(815301076,1909f56bfc062723c751e8b465ee728b)  -> (artifact id: 'a9bb87ee81aa47e833c6ab03b45cac2a') in 0.340890 seconds
  Import took 0.353845 seconds .

========================================================================
Received Import Request.
  Time since last request: 4.002852 seconds.
  path: Assets/Prefabs/AI Car 4.prefab
  artifactKey: Guid(8e543a6ea77e4184ca4355559c526d02) Importer(815301076,1909f56bfc062723c751e8b465ee728b)
Start importing Assets/Prefabs/AI Car 4.prefab using Guid(8e543a6ea77e4184ca4355559c526d02) Importer(815301076,1909f56bfc062723c751e8b465ee728b)  -> (artifact id: '47c25d4d19b8ab058c00039173a8a5cf') in 0.267711 seconds
  Import took 0.278953 seconds .

========================================================================
Received Import Request.
  Time since last request: 18.101725 seconds.
  path: Assets/Prefabs/AI Car 7.prefab
  artifactKey: Guid(e431981b22930f446b6ded5c5b612eaa) Importer(815301076,1909f56bfc062723c751e8b465ee728b)
Start importing Assets/Prefabs/AI Car 7.prefab using Guid(e431981b22930f446b6ded5c5b612eaa) Importer(815301076,1909f56bfc062723c751e8b465ee728b)  -> (artifact id: 'fcf722051479af3f0300ee928b0b2cfb') in 0.274678 seconds
  Import took 0.291267 seconds .

========================================================================
Received Import Request.
  Time since last request: 14.370926 seconds.
  path: Assets/Prefabs/AI Car 6.prefab
  artifactKey: Guid(dc195a65f6c2a3c428cb00bf8bfd26a9) Importer(815301076,1909f56bfc062723c751e8b465ee728b)
Start importing Assets/Prefabs/AI Car 6.prefab using Guid(dc195a65f6c2a3c428cb00bf8bfd26a9) Importer(815301076,1909f56bfc062723c751e8b465ee728b)  -> (artifact id: '07ae952d8860dd5656267e4e9e392e3d') in 0.255772 seconds
  Import took 0.265017 seconds .

========================================================================
Received Import Request.
  Time since last request: 0.002494 seconds.
  path: Assets/Prefabs/AI Car 6.prefab
  artifactKey: Guid(dc195a65f6c2a3c428cb00bf8bfd26a9) Importer(815301076,1909f56bfc062723c751e8b465ee728b)
Start importing Assets/Prefabs/AI Car 6.prefab using Guid(dc195a65f6c2a3c428cb00bf8bfd26a9) Importer(815301076,1909f56bfc062723c751e8b465ee728b)  -> (artifact id: '07ae952d8860dd5656267e4e9e392e3d') in 0.247328 seconds
  Import took 0.265651 seconds .

========================================================================
Received Import Request.
  Time since last request: 2.705780 seconds.
  path: Assets/Prefabs/AI Car 5.prefab
  artifactKey: Guid(2e8eae5f7a965ac48aabd2ab43593eb2) Importer(815301076,1909f56bfc062723c751e8b465ee728b)
Start importing Assets/Prefabs/AI Car 5.prefab using Guid(2e8eae5f7a965ac48aabd2ab43593eb2) Importer(815301076,1909f56bfc062723c751e8b465ee728b)  -> (artifact id: '83a4a06974b88843bab67d85f51ba4af') in 0.260791 seconds
  Import took 0.273617 seconds .

========================================================================
Received Import Request.
  Time since last request: 20.526736 seconds.
  path: Assets/Prefabs/_AI Car.prefab
  artifactKey: Guid(ed8d39a727f3cc94aadb72a7e321bce2) Importer(815301076,1909f56bfc062723c751e8b465ee728b)
Start importing Assets/Prefabs/_AI Car.prefab using Guid(ed8d39a727f3cc94aadb72a7e321bce2) Importer(815301076,1909f56bfc062723c751e8b465ee728b)  -> (artifact id: '23a5c347a6237e4a9d9cb0c87bc2b3e5') in 0.195969 seconds
  Import took 0.203527 seconds .

========================================================================
Received Import Request.
  Time since last request: 0.048738 seconds.
  path: Assets/Prefabs/_AI Car.prefab
  artifactKey: Guid(ed8d39a727f3cc94aadb72a7e321bce2) Importer(815301076,1909f56bfc062723c751e8b465ee728b)
Start importing Assets/Prefabs/_AI Car.prefab using Guid(ed8d39a727f3cc94aadb72a7e321bce2) Importer(815301076,1909f56bfc062723c751e8b465ee728b)  -> (artifact id: '23a5c347a6237e4a9d9cb0c87bc2b3e5') in 0.203799 seconds
  Import took 0.213226 seconds .

========================================================================
Received Import Request.
  Time since last request: 10.014159 seconds.
  path: Assets/Prefabs/_AI Car 2.prefab
  artifactKey: Guid(2a7c40e31aec283468fec19651e549a2) Importer(815301076,1909f56bfc062723c751e8b465ee728b)
Start importing Assets/Prefabs/_AI Car 2.prefab using Guid(2a7c40e31aec283468fec19651e549a2) Importer(815301076,1909f56bfc062723c751e8b465ee728b)  -> (artifact id: 'fb0a9eae262b92f096876dbc49301490') in 0.202890 seconds
  Import took 0.210300 seconds .

========================================================================
Received Import Request.
  Time since last request: 0.065679 seconds.
  path: Assets/Prefabs/_AI Car 2.prefab
  artifactKey: Guid(2a7c40e31aec283468fec19651e549a2) Importer(815301076,1909f56bfc062723c751e8b465ee728b)
Start importing Assets/Prefabs/_AI Car 2.prefab using Guid(2a7c40e31aec283468fec19651e549a2) Importer(815301076,1909f56bfc062723c751e8b465ee728b)  -> (artifact id: 'fb0a9eae262b92f096876dbc49301490') in 0.295321 seconds
  Import took 0.304172 seconds .

========================================================================
Received Import Request.
  Time since last request: 5.673696 seconds.
  path: Assets/Prefabs/_AI Car 3.prefab
  artifactKey: Guid(c653e3c37a997704b8ab4cf583a57fa7) Importer(815301076,1909f56bfc062723c751e8b465ee728b)
Start importing Assets/Prefabs/_AI Car 3.prefab using Guid(c653e3c37a997704b8ab4cf583a57fa7) Importer(815301076,1909f56bfc062723c751e8b465ee728b)  -> (artifact id: '94daf3e9aa2dd8ccdca15d45b297e2d7') in 0.378823 seconds
  Import took 0.393563 seconds .

========================================================================
Received Import Request.
  Time since last request: 435.628652 seconds.
  path: Assets/Assetler/3d_boat.obj
  artifactKey: Guid(2fd4493102530084ab1f1f37b02c8759) Importer(815301076,1909f56bfc062723c751e8b465ee728b)
Start importing Assets/Assetler/3d_boat.obj using Guid(2fd4493102530084ab1f1f37b02c8759) Importer(815301076,1909f56bfc062723c751e8b465ee728b)  -> (artifact id: '1492a33b0c9cf9aeac037c3944d64f16') in 0.913346 seconds
  Import took 0.928009 seconds .

========================================================================
Received Import Request.
  Time since last request: 8.819951 seconds.
  path: Assets/Assetler/3d_cruiser.obj
  artifactKey: Guid(82262a0bcf0e9e3459f6d125301dfdf1) Importer(815301076,1909f56bfc062723c751e8b465ee728b)
Start importing Assets/Assetler/3d_cruiser.obj using Guid(82262a0bcf0e9e3459f6d125301dfdf1) Importer(815301076,1909f56bfc062723c751e8b465ee728b)  -> (artifact id: 'af181e33d0eec063ce8c3d17ac56c99e') in 0.320866 seconds
  Import took 0.326454 seconds .

========================================================================
Received Import Request.
  Time since last request: 32.228474 seconds.
  path: Assets/Assetler/Cars/U_MC02_SI/Prefabs/U_MC02_SI.prefab
  artifactKey: Guid(f3facbe60314c4fca920450b525cf7ad) Importer(815301076,1909f56bfc062723c751e8b465ee728b)
Start importing Assets/Assetler/Cars/U_MC02_SI/Prefabs/U_MC02_SI.prefab using Guid(f3facbe60314c4fca920450b525cf7ad) Importer(815301076,1909f56bfc062723c751e8b465ee728b)  -> (artifact id: '7d3f56a4e884622a53e371e0810ef6fe') in 0.093252 seconds
  Import took 0.101189 seconds .

========================================================================
Received Import Request.
  Time since last request: 2.680675 seconds.
  path: Assets/Assetler/Cars/U_MC02_SI/Mesh
  artifactKey: Guid(0533760c695e2ee4db5175d13436aaef) Importer(815301076,1909f56bfc062723c751e8b465ee728b)
Start importing Assets/Assetler/Cars/U_MC02_SI/Mesh using Guid(0533760c695e2ee4db5175d13436aaef) Importer(815301076,1909f56bfc062723c751e8b465ee728b)  -> (artifact id: 'e2ff6e9bb5eca3a7a3d18b3205e4a174') in 0.043765 seconds
  Import took 0.050900 seconds .

========================================================================
Received Import Request.
  Time since last request: 7.521829 seconds.
  path: Assets/Assetler/Cars/U_MC02_SI/Textures
  artifactKey: Guid(744909051d41a42d78855d3a9cf8101b) Importer(815301076,1909f56bfc062723c751e8b465ee728b)
Start importing Assets/Assetler/Cars/U_MC02_SI/Textures using Guid(744909051d41a42d78855d3a9cf8101b) Importer(815301076,1909f56bfc062723c751e8b465ee728b)  -> (artifact id: '75be8503e69e383d3938d2066ca00850') in 0.035085 seconds
  Import took 0.043065 seconds .

========================================================================
Received Import Request.
  Time since last request: 47.267449 seconds.
  path: Assets/Objects/3d_car.fbx
  artifactKey: Guid(f90d8bb4708914bfca23f6eda5787660) Importer(815301076,1909f56bfc062723c751e8b465ee728b)
Start importing Assets/Objects/3d_car.fbx using Guid(f90d8bb4708914bfca23f6eda5787660) Importer(815301076,1909f56bfc062723c751e8b465ee728b)  -> (artifact id: 'b76e6abec8270311d84084f512418e80') in 0.407260 seconds
  Import took 0.413547 seconds .

========================================================================
Received Import Request.
  Time since last request: 11.080210 seconds.
  path: Assets/Objects
  artifactKey: Guid(b9df3b4547fe0d147b317b6adfad86c9) Importer(815301076,1909f56bfc062723c751e8b465ee728b)
Start importing Assets/Objects using Guid(b9df3b4547fe0d147b317b6adfad86c9) Importer(815301076,1909f56bfc062723c751e8b465ee728b)  -> (artifact id: '88e3117a2fc8fe0bd47ddcb84bfb3218') in 0.030920 seconds
  Import took 0.041022 seconds .

========================================================================
Received Prepare
Registering precompiled user dll's ...
Registered in 0.001526 seconds.
Begin MonoManager ReloadAssembly
Native extension for WindowsStandalone target not found
Refreshing native plugins compatible for Editor in 1.11 ms, found 0 plugins.
Preloading 0 native plugins for Editor in 0.00 ms.
Mono: successfully reloaded assembly
- Completed reload, in  2.263 seconds
Platform modules already initialized, skipping
Refreshing native plugins compatible for Editor in 0.89 ms, found 0 plugins.
Preloading 0 native plugins for Editor in 0.00 ms.
Unloading 1158 Unused Serialized files (Serialized files now loaded: 0)
System memory in use before: 105.6 MB.
System memory in use after: 105.5 MB.

Unloading 6 unused Assets to reduce memory usage. Loaded Objects now: 1695.
Total: 5.124650 ms (FindLiveObjects: 0.489133 ms CreateObjectMapping: 0.184997 ms MarkObjects: 3.703912 ms  DeleteObjects: 0.742636 ms)

========================================================================
Received Import Request.
  Time since last request: 67.975879 seconds.
  path: Assets/Scenes/Oyun
  artifactKey: Guid(0c6e3036639ad194892a9646e84c6587) Importer(815301076,1909f56bfc062723c751e8b465ee728b)
Start importing Assets/Scenes/Oyun using Guid(0c6e3036639ad194892a9646e84c6587) Importer(815301076,1909f56bfc062723c751e8b465ee728b)  -> (artifact id: '68a8bb152014f9b4cb0ce995a9fca4d8') in 0.074924 seconds
  Import took 0.085433 seconds .

========================================================================
Received Import Request.
  Time since last request: 0.000386 seconds.
  path: Assets/Scenes/Oyun/LightingData.asset
  artifactKey: Guid(0dc1f86d3cb4b2543a5f54768caa5289) Importer(815301076,1909f56bfc062723c751e8b465ee728b)
Start importing Assets/Scenes/Oyun/LightingData.asset using Guid(0dc1f86d3cb4b2543a5f54768caa5289) Importer(815301076,1909f56bfc062723c751e8b465ee728b)  -> (artifact id: 'a0bd43721d6c7e30525c88941c30460f') in 0.312059 seconds
  Import took 0.328563 seconds .

========================================================================
Received Import Request.
  Time since last request: 0.000490 seconds.
  path: Assets/Scenes/Oyun/ReflectionProbe-0.exr
  artifactKey: Guid(208437e9fb49d794eac0abc5bafa51ab) Importer(815301076,1909f56bfc062723c751e8b465ee728b)
Start importing Assets/Scenes/Oyun/ReflectionProbe-0.exr using Guid(208437e9fb49d794eac0abc5bafa51ab) Importer(815301076,1909f56bfc062723c751e8b465ee728b)  -> (artifact id: 'e5ed70350ba5d4cccc53c8dbd74a185d') in 0.255562 seconds
  Import took 0.260918 seconds .

========================================================================
Received Import Request.
  Time since last request: 0.002296 seconds.
  path: Assets/Scenes/Oyun/LightingData.asset
  artifactKey: Guid(0dc1f86d3cb4b2543a5f54768caa5289) Importer(815301076,1909f56bfc062723c751e8b465ee728b)
Start importing Assets/Scenes/Oyun/LightingData.asset using Guid(0dc1f86d3cb4b2543a5f54768caa5289) Importer(815301076,1909f56bfc062723c751e8b465ee728b)  -> (artifact id: 'a0bd43721d6c7e30525c88941c30460f') in 0.223103 seconds
  Import took 0.243358 seconds .

========================================================================
Received Import Request.
  Time since last request: 0.000407 seconds.
  path: Assets/Scenes/Oyun
  artifactKey: Guid(0c6e3036639ad194892a9646e84c6587) Importer(815301076,1909f56bfc062723c751e8b465ee728b)
Start importing Assets/Scenes/Oyun using Guid(0c6e3036639ad194892a9646e84c6587) Importer(815301076,1909f56bfc062723c751e8b465ee728b)  -> (artifact id: '68a8bb152014f9b4cb0ce995a9fca4d8') in 0.007070 seconds
  Import took 0.011952 seconds .

========================================================================
Received Import Request.
  Time since last request: 2.704746 seconds.
  path: Assets/Sprites/New Terrain 3.asset
  artifactKey: Guid(f2b2027c9a8d6e347935e8682b0d21bb) Importer(815301076,1909f56bfc062723c751e8b465ee728b)
Start importing Assets/Sprites/New Terrain 3.asset using Guid(f2b2027c9a8d6e347935e8682b0d21bb) Importer(815301076,1909f56bfc062723c751e8b465ee728b)  -> (artifact id: '5439772da3f0ad9bff667e29c9b559aa') in 0.206640 seconds
  Import took 0.220702 seconds .

========================================================================
Received Import Request.
  Time since last request: 61.353278 seconds.
  path: Assets/Terrain
  artifactKey: Guid(5d4dfdc9f8612e44180aa2656b9216ae) Importer(815301076,1909f56bfc062723c751e8b465ee728b)
Start importing Assets/Terrain using Guid(5d4dfdc9f8612e44180aa2656b9216ae) Importer(815301076,1909f56bfc062723c751e8b465ee728b)  -> (artifact id: '0da3ba223af88f40ff5092c1193cb3a7') in 0.075118 seconds
  Import took 0.081984 seconds .

========================================================================
Received Import Request.
  Time since last request: 41.663621 seconds.
  path: Assets/Sounds
  artifactKey: Guid(e4ae947c9fb4bbc4e8028b50a6368f50) Importer(815301076,1909f56bfc062723c751e8b465ee728b)
Start importing Assets/Sounds using Guid(e4ae947c9fb4bbc4e8028b50a6368f50) Importer(815301076,1909f56bfc062723c751e8b465ee728b)  -> (artifact id: '26ca1d7125f8cc30a9af2fbffff66323') in 0.066120 seconds
  Import took 0.073305 seconds .

========================================================================
Received Import Request.
  Time since last request: 0.076901 seconds.
  path: Assets/Sounds
  artifactKey: Guid(e4ae947c9fb4bbc4e8028b50a6368f50) Importer(815301076,1909f56bfc062723c751e8b465ee728b)
Start importing Assets/Sounds using Guid(e4ae947c9fb4bbc4e8028b50a6368f50) Importer(815301076,1909f56bfc062723c751e8b465ee728b)  -> (artifact id: '26ca1d7125f8cc30a9af2fbffff66323') in 0.046384 seconds
  Import took 0.059106 seconds .

========================================================================
Received Import Request.
  Time since last request: 6.195995 seconds.
  path: Assets/Scripts/New Lighting Settings.lighting
  artifactKey: Guid(4099890dfc8c2ac4e9f1b5842bd9671c) Importer(815301076,1909f56bfc062723c751e8b465ee728b)
Start importing Assets/Scripts/New Lighting Settings.lighting using Guid(4099890dfc8c2ac4e9f1b5842bd9671c) Importer(815301076,1909f56bfc062723c751e8b465ee728b)  -> (artifact id: '22ccf75a1c3316b05e6a4020a48ffaba') in 0.019932 seconds
  Import took 0.024544 seconds .

========================================================================
Received Import Request.
  Time since last request: 0.019915 seconds.
  path: Assets/Scripts/New Lighting Settings.lighting
  artifactKey: Guid(4099890dfc8c2ac4e9f1b5842bd9671c) Importer(815301076,1909f56bfc062723c751e8b465ee728b)
Start importing Assets/Scripts/New Lighting Settings.lighting using Guid(4099890dfc8c2ac4e9f1b5842bd9671c) Importer(815301076,1909f56bfc062723c751e8b465ee728b)  -> (artifact id: '22ccf75a1c3316b05e6a4020a48ffaba') in 0.020874 seconds
  Import took 0.029263 seconds .

========================================================================
Received Import Request.
  Time since last request: 84.531095 seconds.
  path: Assets/Scenes/Terrain/Layer.terrainlayer
  artifactKey: Guid(654a90eb48304c247bdd74e44c7be7a2) Importer(815301076,1909f56bfc062723c751e8b465ee728b)
Start importing Assets/Scenes/Terrain/Layer.terrainlayer using Guid(654a90eb48304c247bdd74e44c7be7a2) Importer(815301076,1909f56bfc062723c751e8b465ee728b)  -> (artifact id: '74329d6a14e7d03ea5842a811894b298') in 0.095170 seconds
  Import took 0.103307 seconds .

========================================================================
Received Import Request.
  Time since last request: 47.257529 seconds.
  path: Assets/Scenes/Terrain/Terrain_Data.asset
  artifactKey: Guid(f2b2027c9a8d6e347935e8682b0d21bb) Importer(815301076,1909f56bfc062723c751e8b465ee728b)
Start importing Assets/Scenes/Terrain/Terrain_Data.asset using Guid(f2b2027c9a8d6e347935e8682b0d21bb) Importer(815301076,1909f56bfc062723c751e8b465ee728b)  -> (artifact id: 'd33e7c77710f55661948c1c704eee7dd') in 0.309045 seconds
  Import took 0.344366 seconds .

========================================================================
Received Import Request.
  Time since last request: 9.544163 seconds.
  path: Assets/Scenes/Oyun.unity
  artifactKey: Guid(9fc0d4010bbf28b4594072e72b8655ab) Importer(815301076,1909f56bfc062723c751e8b465ee728b)
Start importing Assets/Scenes/Oyun.unity using Guid(9fc0d4010bbf28b4594072e72b8655ab) Importer(815301076,1909f56bfc062723c751e8b465ee728b)  -> (artifact id: '1cd3ed422fba8992edcd7587e8a86a99') in 0.087478 seconds
  Import took 0.097291 seconds .

========================================================================
Received Import Request.
  Time since last request: 9.545617 seconds.
  path: Assets/Scenes/MainScene.unity
  artifactKey: Guid(9fc0d4010bbf28b4594072e72b8655ab) Importer(815301076,1909f56bfc062723c751e8b465ee728b)
Start importing Assets/Scenes/MainScene.unity using Guid(9fc0d4010bbf28b4594072e72b8655ab) Importer(815301076,1909f56bfc062723c751e8b465ee728b)  -> (artifact id: '80b5392b5e37ab369ec1fec6e099ac30') in 0.031169 seconds
  Import took 0.038193 seconds .

========================================================================
Received Import Request.
  Time since last request: 24.560497 seconds.
  path: Assets/Scenes/MainScene
  artifactKey: Guid(0c6e3036639ad194892a9646e84c6587) Importer(815301076,1909f56bfc062723c751e8b465ee728b)
Start importing Assets/Scenes/MainScene using Guid(0c6e3036639ad194892a9646e84c6587) Importer(815301076,1909f56bfc062723c751e8b465ee728b)  -> (artifact id: 'f7125a1538003c87d33d9c70049578d0') in 0.014991 seconds
  Import took 0.021091 seconds .

========================================================================
Received Import Request.
  Time since last request: 74.887062 seconds.
  path: Assets/Standard Assets/Environment/Water (Basic)/Materials
  artifactKey: Guid(706eadfad28bc4c1c9bb137b31052b14) Importer(815301076,1909f56bfc062723c751e8b465ee728b)
Start importing Assets/Standard Assets/Environment/Water (Basic)/Materials using Guid(706eadfad28bc4c1c9bb137b31052b14) Importer(815301076,1909f56bfc062723c751e8b465ee728b)  -> (artifact id: 'a35f56ed0fabeda249b1fe9ee26bed04') in 0.101636 seconds
  Import took 0.108609 seconds .

========================================================================
Received Import Request.
  Time since last request: 0.078632 seconds.
  path: Assets/Standard Assets/Environment/Water (Basic)/Materials
  artifactKey: Guid(706eadfad28bc4c1c9bb137b31052b14) Importer(815301076,1909f56bfc062723c751e8b465ee728b)
Start importing Assets/Standard Assets/Environment/Water (Basic)/Materials using Guid(706eadfad28bc4c1c9bb137b31052b14) Importer(815301076,1909f56bfc062723c751e8b465ee728b)  -> (artifact id: 'a35f56ed0fabeda249b1fe9ee26bed04') in 0.006822 seconds
  Import took 0.019661 seconds .

========================================================================
Received Import Request.
  Time since last request: 0.747679 seconds.
  path: Assets/Standard Assets/Environment/Water (Basic)/Materials/WaterBasicDaytime.mat
  artifactKey: Guid(52b7d70b1de7c4ce09662b77c14d9fda) Importer(815301076,1909f56bfc062723c751e8b465ee728b)
Start importing Assets/Standard Assets/Environment/Water (Basic)/Materials/WaterBasicDaytime.mat using Guid(52b7d70b1de7c4ce09662b77c14d9fda) Importer(815301076,1909f56bfc062723c751e8b465ee728b)  -> (artifact id: '94ba26c4d67b0d2b337eb2225646fefe') in 0.059118 seconds
  Import took 0.067866 seconds .

========================================================================
Received Import Request.
  Time since last request: 0.000411 seconds.
  path: Assets/Standard Assets/Environment/Water (Basic)/Materials/WaterDefault.mat
  artifactKey: Guid(30abebfd9bf1c49d8a2d26e61e66bc15) Importer(815301076,1909f56bfc062723c751e8b465ee728b)
Start importing Assets/Standard Assets/Environment/Water (Basic)/Materials/WaterDefault.mat using Guid(30abebfd9bf1c49d8a2d26e61e66bc15) Importer(815301076,1909f56bfc062723c751e8b465ee728b)  -> (artifact id: '1dce6ed922cec9e466728a0d0e45d370') in 0.120402 seconds
  Import took 0.125826 seconds .

========================================================================
Received Import Request.
  Time since last request: 0.000620 seconds.
  path: Assets/Standard Assets/Environment/Water (Basic)/Materials/WaterBasicNighttime.mat
  artifactKey: Guid(c55afdc4a8a3b4890b07cc7d176510bb) Importer(815301076,1909f56bfc062723c751e8b465ee728b)
Start importing Assets/Standard Assets/Environment/Water (Basic)/Materials/WaterBasicNighttime.mat using Guid(c55afdc4a8a3b4890b07cc7d176510bb) Importer(815301076,1909f56bfc062723c751e8b465ee728b)  -> (artifact id: '8f7db1f33a3c4a936eef869930a7528f') in 0.059776 seconds
  Import took 0.065212 seconds .

========================================================================
Received Import Request.
  Time since last request: 0.033050 seconds.
  path: Assets/Standard Assets/Environment/Water (Basic)/Materials/WaterBasicNighttime.mat
  artifactKey: Guid(c55afdc4a8a3b4890b07cc7d176510bb) Importer(815301076,1909f56bfc062723c751e8b465ee728b)
Start importing Assets/Standard Assets/Environment/Water (Basic)/Materials/WaterBasicNighttime.mat using Guid(c55afdc4a8a3b4890b07cc7d176510bb) Importer(815301076,1909f56bfc062723c751e8b465ee728b)  -> (artifact id: '8f7db1f33a3c4a936eef869930a7528f') in 0.115894 seconds
  Import took 0.122650 seconds .

========================================================================
Received Import Request.
  Time since last request: 16.600656 seconds.
  path: Assets/Standard Assets/Environment/Water (Basic)/Models
  artifactKey: Guid(5ca387966638baf478f257729f7d9ffd) Importer(815301076,1909f56bfc062723c751e8b465ee728b)
Start importing Assets/Standard Assets/Environment/Water (Basic)/Models using Guid(5ca387966638baf478f257729f7d9ffd) Importer(815301076,1909f56bfc062723c751e8b465ee728b)  -> (artifact id: '31b04a34fbd6dd75a196dc0a9248013d') in 0.084492 seconds
  Import took 0.093527 seconds .

========================================================================
Received Import Request.
  Time since last request: 0.000854 seconds.
  path: Assets/Standard Assets/Environment/Water (Basic)/Models/WaterBasicPlane.fbx
  artifactKey: Guid(ce8d79c79d11b8f9d00076e98d76c639) Importer(815301076,1909f56bfc062723c751e8b465ee728b)
Start importing Assets/Standard Assets/Environment/Water (Basic)/Models/WaterBasicPlane.fbx using Guid(ce8d79c79d11b8f9d00076e98d76c639) Importer(815301076,1909f56bfc062723c751e8b465ee728b)  -> (artifact id: '3053b04847656f310f734a04d349b47e') in 0.242000 seconds
  Import took 0.249508 seconds .

========================================================================
Received Import Request.
  Time since last request: 0.000490 seconds.
  path: Assets/Standard Assets/Environment/Water (Basic)/Models
  artifactKey: Guid(5ca387966638baf478f257729f7d9ffd) Importer(815301076,1909f56bfc062723c751e8b465ee728b)
Start importing Assets/Standard Assets/Environment/Water (Basic)/Models using Guid(5ca387966638baf478f257729f7d9ffd) Importer(815301076,1909f56bfc062723c751e8b465ee728b)  -> (artifact id: '31b04a34fbd6dd75a196dc0a9248013d') in 0.010655 seconds
  Import took 0.016750 seconds .

========================================================================
Received Import Request.
  Time since last request: 0.004786 seconds.
  path: Assets/Standard Assets/Environment/Water (Basic)/Models/WaterBasicPlane.fbx
  artifactKey: Guid(ce8d79c79d11b8f9d00076e98d76c639) Importer(815301076,1909f56bfc062723c751e8b465ee728b)
Start importing Assets/Standard Assets/Environment/Water (Basic)/Models/WaterBasicPlane.fbx using Guid(ce8d79c79d11b8f9d00076e98d76c639) Importer(815301076,1909f56bfc062723c751e8b465ee728b)  -> (artifact id: '3053b04847656f310f734a04d349b47e') in 0.100207 seconds
  Import took 0.109204 seconds .

========================================================================
Received Import Request.
  Time since last request: 22.684078 seconds.
  path: Assets/Standard Assets/Environment/Water (Basic)/Scripts
  artifactKey: Guid(ac85670a1b2274f22905d6a43940371a) Importer(815301076,1909f56bfc062723c751e8b465ee728b)
Start importing Assets/Standard Assets/Environment/Water (Basic)/Scripts using Guid(ac85670a1b2274f22905d6a43940371a) Importer(815301076,1909f56bfc062723c751e8b465ee728b)  -> (artifact id: 'c48e64c014b0cf9cf28120935d8e8464') in 0.066402 seconds
  Import took 0.074221 seconds .

========================================================================
Received Import Request.
  Time since last request: 0.083442 seconds.
  path: Assets/Standard Assets/Environment/Water (Basic)/Scripts
  artifactKey: Guid(ac85670a1b2274f22905d6a43940371a) Importer(815301076,1909f56bfc062723c751e8b465ee728b)
Start importing Assets/Standard Assets/Environment/Water (Basic)/Scripts using Guid(ac85670a1b2274f22905d6a43940371a) Importer(815301076,1909f56bfc062723c751e8b465ee728b)  -> (artifact id: 'c48e64c014b0cf9cf28120935d8e8464') in 0.006022 seconds
  Import took 0.017064 seconds .

========================================================================
Received Import Request.
  Time since last request: 0.640030 seconds.
  path: Assets/Standard Assets/Environment/Water (Basic)/Scripts/WaterBasic.cs
  artifactKey: Guid(0d2f50a8e0bb841a5aaa90ae55db8849) Importer(815301076,1909f56bfc062723c751e8b465ee728b)
Start importing Assets/Standard Assets/Environment/Water (Basic)/Scripts/WaterBasic.cs using Guid(0d2f50a8e0bb841a5aaa90ae55db8849) Importer(815301076,1909f56bfc062723c751e8b465ee728b)  -> (artifact id: 'c2a7e15a02b5b72724f6469142aa601a') in 0.070810 seconds
  Import took 0.080610 seconds .

========================================================================
Received Import Request.
  Time since last request: 0.027719 seconds.
  path: Assets/Standard Assets/Environment/Water (Basic)/Scripts/WaterBasic.cs
  artifactKey: Guid(0d2f50a8e0bb841a5aaa90ae55db8849) Importer(815301076,1909f56bfc062723c751e8b465ee728b)
Start importing Assets/Standard Assets/Environment/Water (Basic)/Scripts/WaterBasic.cs using Guid(0d2f50a8e0bb841a5aaa90ae55db8849) Importer(815301076,1909f56bfc062723c751e8b465ee728b)  -> (artifact id: 'c2a7e15a02b5b72724f6469142aa601a') in 0.007062 seconds
  Import took 0.019038 seconds .

========================================================================
Received Prepare
Registering precompiled user dll's ...
Registered in 0.003983 seconds.
Begin MonoManager ReloadAssembly
Native extension for WindowsStandalone target not found
Refreshing native plugins compatible for Editor in 1.12 ms, found 0 plugins.
Preloading 0 native plugins for Editor in 0.00 ms.
Mono: successfully reloaded assembly
- Completed reload, in  2.551 seconds
Platform modules already initialized, skipping
Refreshing native plugins compatible for Editor in 0.78 ms, found 0 plugins.
Preloading 0 native plugins for Editor in 0.00 ms.
Unloading 1158 Unused Serialized files (Serialized files now loaded: 0)
System memory in use before: 105.8 MB.
System memory in use after: 105.7 MB.

Unloading 7 unused Assets to reduce memory usage. Loaded Objects now: 1703.
Total: 4.761936 ms (FindLiveObjects: 0.360066 ms CreateObjectMapping: 0.101269 ms MarkObjects: 3.308435 ms  DeleteObjects: 0.989188 ms)

========================================================================
Received Import Request.
  Time since last request: 24.691785 seconds.
  path: Assets/Standard Assets/Environment/Water (Basic)/Textures/WaterBasicDaytimeGradient.psd
  artifactKey: Guid(047330f39d11745ad0004adb8d76c639) Importer(815301076,1909f56bfc062723c751e8b465ee728b)
Start importing Assets/Standard Assets/Environment/Water (Basic)/Textures/WaterBasicDaytimeGradient.psd using Guid(047330f39d11745ad0004adb8d76c639) Importer(815301076,1909f56bfc062723c751e8b465ee728b)  -> (artifact id: '798366d70ee0e4a423da497cd3d11faa') in 0.107059 seconds
  Import took 0.114846 seconds .

========================================================================
Received Import Request.
  Time since last request: 0.000441 seconds.
  path: Assets/Standard Assets/Environment/Water (Basic)/Textures/WaterBasicNormals.jpg
  artifactKey: Guid(a53cf5449d11a15d1100a04b44295342) Importer(815301076,1909f56bfc062723c751e8b465ee728b)
Start importing Assets/Standard Assets/Environment/Water (Basic)/Textures/WaterBasicNormals.jpg using Guid(a53cf5449d11a15d1100a04b44295342) Importer(815301076,1909f56bfc062723c751e8b465ee728b)  -> (artifact id: 'd42eff8102349ff72595261e62049310') in 0.171927 seconds
  Import took 0.182661 seconds .

========================================================================
Received Import Request.
  Time since last request: 0.000350 seconds.
  path: Assets/Standard Assets/Environment/Water (Basic)/Textures
  artifactKey: Guid(33850b67ffcaa4b6c9a7146e4be0b917) Importer(815301076,1909f56bfc062723c751e8b465ee728b)
Start importing Assets/Standard Assets/Environment/Water (Basic)/Textures using Guid(33850b67ffcaa4b6c9a7146e4be0b917) Importer(815301076,1909f56bfc062723c751e8b465ee728b)  -> (artifact id: 'ca871254c4b91027e136a57113629519') in 0.008382 seconds
  Import took 0.013777 seconds .

========================================================================
Received Import Request.
  Time since last request: 0.000081 seconds.
  path: Assets/Standard Assets/Environment/Water (Basic)/Textures/WaterBasicNighttimeGradient.psd
  artifactKey: Guid(8403d3349d112ba4d000be1be39e7c39) Importer(815301076,1909f56bfc062723c751e8b465ee728b)
Start importing Assets/Standard Assets/Environment/Water (Basic)/Textures/WaterBasicNighttimeGradient.psd using Guid(8403d3349d112ba4d000be1be39e7c39) Importer(815301076,1909f56bfc062723c751e8b465ee728b)  -> (artifact id: 'cfdd7f93dcd4573568cc4a256c11e8fa') in 0.042874 seconds
  Import took 0.102811 seconds .

========================================================================
Received Import Request.
  Time since last request: 7.424756 seconds.
  path: Assets/Standard Assets/Environment/Water (Basic)/Shaders
  artifactKey: Guid(c8e96a067d1ef4982b454cf5a686f648) Importer(815301076,1909f56bfc062723c751e8b465ee728b)
Start importing Assets/Standard Assets/Environment/Water (Basic)/Shaders using Guid(c8e96a067d1ef4982b454cf5a686f648) Importer(815301076,1909f56bfc062723c751e8b465ee728b)  -> (artifact id: '1c59dceea751e61033700ded5ea054bf') in 0.091038 seconds
  Import took 0.109628 seconds .

========================================================================
Received Import Request.
  Time since last request: 0.082542 seconds.
  path: Assets/Standard Assets/Environment/Water (Basic)/Shaders
  artifactKey: Guid(c8e96a067d1ef4982b454cf5a686f648) Importer(815301076,1909f56bfc062723c751e8b465ee728b)
Start importing Assets/Standard Assets/Environment/Water (Basic)/Shaders using Guid(c8e96a067d1ef4982b454cf5a686f648) Importer(815301076,1909f56bfc062723c751e8b465ee728b)  -> (artifact id: '1c59dceea751e61033700ded5ea054bf') in 0.010417 seconds
  Import took 0.015836 seconds .

========================================================================
Received Prepare
Registering precompiled user dll's ...
Registered in 0.001603 seconds.
Begin MonoManager ReloadAssembly
Native extension for WindowsStandalone target not found
Refreshing native plugins compatible for Editor in 0.84 ms, found 0 plugins.
Preloading 0 native plugins for Editor in 0.00 ms.
Mono: successfully reloaded assembly
- Completed reload, in  2.191 seconds
Platform modules already initialized, skipping
Refreshing native plugins compatible for Editor in 0.77 ms, found 0 plugins.
Preloading 0 native plugins for Editor in 0.00 ms.
Unloading 1153 Unused Serialized files (Serialized files now loaded: 0)
System memory in use before: 105.8 MB.
System memory in use after: 105.6 MB.

Unloading 8 unused Assets to reduce memory usage. Loaded Objects now: 1707.
Total: 4.594810 ms (FindLiveObjects: 0.421290 ms CreateObjectMapping: 0.152896 ms MarkObjects: 3.067178 ms  DeleteObjects: 0.950799 ms)

========================================================================
Received Import Request.
  Time since last request: 39.463899 seconds.
  path: Assets/Models
  artifactKey: Guid(b9df3b4547fe0d147b317b6adfad86c9) Importer(815301076,1909f56bfc062723c751e8b465ee728b)
Start importing Assets/Models using Guid(b9df3b4547fe0d147b317b6adfad86c9) Importer(815301076,1909f56bfc062723c751e8b465ee728b)  -> (artifact id: '94a129809c52b4910d74b3cf067940c2') in 0.013882 seconds
  Import took 0.019119 seconds .

========================================================================
Received Import Request.
  Time since last request: 20.470585 seconds.
  path: Assets/Tools
  artifactKey: Guid(b64fc9ad104eca540a2a947509fdd207) Importer(815301076,1909f56bfc062723c751e8b465ee728b)
Start importing Assets/Tools using Guid(b64fc9ad104eca540a2a947509fdd207) Importer(815301076,1909f56bfc062723c751e8b465ee728b)  -> (artifact id: 'f53772420e704f8bd153cc25a2a89d74') in 0.012860 seconds
  Import took 0.053928 seconds .

========================================================================
Received Prepare
Registering precompiled user dll's ...
Registered in 0.001631 seconds.
Begin MonoManager ReloadAssembly
Native extension for WindowsStandalone target not found
Refreshing native plugins compatible for Editor in 0.88 ms, found 0 plugins.
Preloading 0 native plugins for Editor in 0.00 ms.
Mono: successfully reloaded assembly
- Completed reload, in  2.184 seconds
Platform modules already initialized, skipping
Refreshing native plugins compatible for Editor in 0.77 ms, found 0 plugins.
Preloading 0 native plugins for Editor in 0.00 ms.
Unloading 1153 Unused Serialized files (Serialized files now loaded: 0)
System memory in use before: 105.8 MB.
System memory in use after: 105.7 MB.

Unloading 6 unused Assets to reduce memory usage. Loaded Objects now: 1710.
Total: 4.981020 ms (FindLiveObjects: 0.349476 ms CreateObjectMapping: 0.095973 ms MarkObjects: 3.632428 ms  DeleteObjects: 0.900495 ms)

========================================================================
Received Import Request.
  Time since last request: 22.680519 seconds.
  path: Assets/Shaders/FXWaterBasic.shader
  artifactKey: Guid(9dccc8e8f0da4494991c26ef59019551) Importer(815301076,1909f56bfc062723c751e8b465ee728b)
Start importing Assets/Shaders/FXWaterBasic.shader using Guid(9dccc8e8f0da4494991c26ef59019551) Importer(815301076,1909f56bfc062723c751e8b465ee728b)  -> (artifact id: 'f6ecaed90f6c0b9db539ebc310a76be6') in 0.033481 seconds
  Import took 0.039325 seconds .

========================================================================
Received Import Request.
  Time since last request: 0.007905 seconds.
  path: Assets/Shaders/FXWaterBasic.shader
  artifactKey: Guid(9dccc8e8f0da4494991c26ef59019551) Importer(815301076,1909f56bfc062723c751e8b465ee728b)
Start importing Assets/Shaders/FXWaterBasic.shader using Guid(9dccc8e8f0da4494991c26ef59019551) Importer(815301076,1909f56bfc062723c751e8b465ee728b)  -> (artifact id: 'f6ecaed90f6c0b9db539ebc310a76be6') in 0.007105 seconds
  Import took 0.011382 seconds .

========================================================================
Received Import Request.
  Time since last request: 335.694569 seconds.
  path: Assets/Prefabs/WaterBasicPlane.fbx
  artifactKey: Guid(ce8d79c79d11b8f9d00076e98d76c639) Importer(815301076,1909f56bfc062723c751e8b465ee728b)
Start importing Assets/Prefabs/WaterBasicPlane.fbx using Guid(ce8d79c79d11b8f9d00076e98d76c639) Importer(815301076,1909f56bfc062723c751e8b465ee728b)  -> (artifact id: 'bac5f8208f23a6e874703017cc01eb10') in 0.269208 seconds
  Import took 0.277607 seconds .

========================================================================
Received Import Request.
  Time since last request: 75.180520 seconds.
  path: Assets/Models/3d_water.fbx
  artifactKey: Guid(ce8d79c79d11b8f9d00076e98d76c639) Importer(815301076,1909f56bfc062723c751e8b465ee728b)
Start importing Assets/Models/3d_water.fbx using Guid(ce8d79c79d11b8f9d00076e98d76c639) Importer(815301076,1909f56bfc062723c751e8b465ee728b)  -> (artifact id: '882814edadc22e5943a54344e161951c') in 0.135581 seconds
  Import took 0.143314 seconds .

AssetImportWorkerClient::OnTransportError - code=2 error=End of file
